0 info it worked if it ends with ok
1 verbose cli [ 'C:\\Users\\gurari\\Desktop\\PortableApps\\HardDrive\\DevelopmentTools\\Node\\node.exe',
1 verbose cli   'C:\\Users\\gurari\\Desktop\\PortableApps\\HardDrive\\DevelopmentTools\\Node\\node_modules\\npm\\bin\\npm-cli.js',
1 verbose cli   'run',
1 verbose cli   'release' ]
2 info using npm@3.3.9
3 info using node@v4.4.2
4 verbose run-script [ 'prerelease', 'release', 'postrelease' ]
5 info lifecycle misc-test@1.0.14~prerelease: misc-test@1.0.14
6 silly lifecycle misc-test@1.0.14~prerelease: no script for prerelease, continuing
7 info lifecycle misc-test@1.0.14~release: misc-test@1.0.14
8 verbose lifecycle misc-test@1.0.14~release: unsafe-perm in lifecycle true
9 verbose lifecycle misc-test@1.0.14~release: PATH: C:\Users\gurari\Desktop\PortableApps\HardDrive\DevelopmentTools\Node\node_modules\npm\bin\node-gyp-bin;C:\Users\gurari\Desktop\PortableApps\HardDrive\DevelopmentTools\proj_workspace\misc-test\node_modules\.bin;C:\Users\gurari\Desktop\PortableApps\HardDrive\users\gurari\bin;C:\Users\gurari\Desktop\PortableApps\HardDrive\DevelopmentTools\Git\mingw64\bin;C:\Users\gurari\Desktop\PortableApps\HardDrive\DevelopmentTools\Git\usr\local\bin;C:\Users\gurari\Desktop\PortableApps\HardDrive\DevelopmentTools\Git\usr\bin;C:\Users\gurari\Desktop\PortableApps\HardDrive\DevelopmentTools\Git\usr\bin;C:\Users\gurari\Desktop\PortableApps\HardDrive\DevelopmentTools\Git\mingw64\bin;C:\Users\gurari\Desktop\PortableApps\HardDrive\DevelopmentTools\Git\usr\bin;C:\Users\gurari\Desktop\PortableApps\HardDrive\users\gurari\bin;C:\Users\gurari\Desktop\PortableApps\PortableApps\ConEmu\App\ConEmu\ConEmu\Scripts;C:\Users\gurari\Desktop\PortableApps\PortableApps\ConEmu\App\ConEmu;C:\Users\gurari\Desktop\PortableApps\PortableApps\ConEmu\App\ConEmu\ConEmu;C:\WINDOWS\system32;C:\WINDOWS;C:\WINDOWS\System32\Wbem;C:\WINDOWS\System32\WindowsPowerShell\v1.0;C:\Program Files (x86)\Windows Live\Shared;C:\Users\gurari\Desktop\PortableApps\HardDrive\DevelopmentTools\Git\usr\bin;C:\Users\gurari\Desktop\PortableApps\HardDrive\DevelopmentTools\Node;C:\Users\gurari\Desktop\PortableApps\HardDrive\DevelopmentTools\Node\node_modules\.bin;C:\Users\gurari\Desktop\PortableApps\HardDrive\DevelopmentTools\python-3.4.4.amd64;C:\Users\gurari\Desktop\PortableApps\HardDrive\DevelopmentTools\php-5.5.0;C:\Users\gurari\Desktop\PortableApps\HardDrive\DevelopmentTools\uncrustify;C:\Users\gurari\Desktop\PortableApps\HardDrive\DevelopmentTools\jdk-1.8u25\bin;C:\Users\gurari\Desktop\PortableApps\HardDrive\DevelopmentTools\go\bin;C:\Users\gurari\Desktop\PortableApps\HardDrive\DevelopmentTools\Mercurial;C:\Users\gurari\Desktop\PortableApps\HardDrive\DevelopmentTools\apache-maven-3.0.5\bin;C:\Users\gurari\Desktop\PortableApps\HardDrive\DevelopmentTools\apache-ant-1.8.1\bin;C:\Users\gurari\Desktop\PortableApps\PortableApps\OrwellDev-CppPortable\App\Dev-Cpp\MinGW64\bin;C:\Users\gurari;C:\Users\gurari\Desktop\PortableApps\HardDrive\DevelopmentTools\Git\usr\bin\vendor_perl;C:\Users\gurari\Desktop\PortableApps\HardDrive\DevelopmentTools\Git\usr\bin\core_perl
10 verbose lifecycle misc-test@1.0.14~release: CWD: C:\Users\gurari\Desktop\PortableApps\HardDrive\DevelopmentTools\proj_workspace\misc-test
11 silly lifecycle misc-test@1.0.14~release: Args: [ '/d /s /c', 'grunt default' ]
12 silly lifecycle misc-test@1.0.14~release: Returned: code: 6  signal: null
13 info lifecycle misc-test@1.0.14~release: Failed to exec release script
14 verbose stack Error: misc-test@1.0.14 release: `grunt default`
14 verbose stack Exit status 6
14 verbose stack     at EventEmitter.<anonymous> (C:\Users\gurari\Desktop\PortableApps\HardDrive\DevelopmentTools\Node\node_modules\npm\lib\utils\lifecycle.js:233:16)
14 verbose stack     at emitTwo (events.js:87:13)
14 verbose stack     at EventEmitter.emit (events.js:172:7)
14 verbose stack     at ChildProcess.<anonymous> (C:\Users\gurari\Desktop\PortableApps\HardDrive\DevelopmentTools\Node\node_modules\npm\lib\utils\spawn.js:24:14)
14 verbose stack     at emitTwo (events.js:87:13)
14 verbose stack     at ChildProcess.emit (events.js:172:7)
14 verbose stack     at maybeClose (internal/child_process.js:827:16)
14 verbose stack     at Process.ChildProcess._handle.onexit (internal/child_process.js:211:5)
15 verbose pkgid misc-test@1.0.14
16 verbose cwd C:\Users\gurari\Desktop\PortableApps\HardDrive\DevelopmentTools\proj_workspace\misc-test
17 error Windows_NT 10.0.14393
18 error argv "C:\\Users\\gurari\\Desktop\\PortableApps\\HardDrive\\DevelopmentTools\\Node\\node.exe" "C:\\Users\\gurari\\Desktop\\PortableApps\\HardDrive\\DevelopmentTools\\Node\\node_modules\\npm\\bin\\npm-cli.js" "run" "release"
19 error node v4.4.2
20 error npm  v3.3.9
21 error code ELIFECYCLE
22 error misc-test@1.0.14 release: `grunt default`
22 error Exit status 6
23 error Failed at the misc-test@1.0.14 release script 'grunt default'.
23 error This is most likely a problem with the misc-test package,
23 error not with npm itself.
23 error Tell the author that this fails on your system:
23 error     grunt default
23 error You can get their info via:
23 error     npm owner ls misc-test
23 error There is likely additional logging output above.
24 verbose exit [ 1, true ]
